
Launching setup script...
Requirement already satisfied: pip in ./.venv/lib/python3.12/site-packages (26.0.1)
Requirement already satisfied: requests==2.32.3 in ./.venv/lib/python3.12/site-packages (from -r /home/tom/samba/vscode_projects/garmin_activities/requirements.txt (line 1)) (2.32.3)
Requirement already satisfied: PyYAML==6.0.2 in ./.venv/lib/python3.12/site-packages (from -r /home/tom/samba/vscode_projects/garmin_activities/requirements.txt (line 2)) (6.0.2)
Requirement already satisfied: garminconnect>=0.2.25 in ./.venv/lib/python3.12/site-packages (from -r /home/tom/samba/vscode_projects/garmin_activities/requirements.txt (line 3)) (0.2.38)
Requirement already satisfied: charset-normalizer<4,>=2 in ./.venv/lib/python3.12/site-packages (from requests==2.32.3->-r /home/tom/samba/vscode_projects/garmin_activities/requirements.txt (line 1)) (3.4.4)
Requirement already satisfied: idna<4,>=2.5 in ./.venv/lib/python3.12/site-packages (from requests==2.32.3->-r /home/tom/samba/vscode_projects/garmin_activities/requirements.txt (line 1)) (3.11)
Requirement already satisfied: urllib3<3,>=1.21.1 in ./.venv/lib/python3.12/site-packages (from requests==2.32.3->-r /home/tom/samba/vscode_projects/garmin_activities/requirements.txt (line 1)) (2.6.3)
Requirement already satisfied: certifi>=2017.4.17 in ./.venv/lib/python3.12/site-packages (from requests==2.32.3->-r /home/tom/samba/vscode_projects/garmin_activities/requirements.txt (line 1)) (2026.1.4)
Requirement already satisfied: garth<0.6.0,>=0.5.17 in ./.venv/lib/python3.12/site-packages (from garminconnect>=0.2.25->-r /home/tom/samba/vscode_projects/garmin_activities/requirements.txt (line 3)) (0.5.21)
Requirement already satisfied: pydantic<3.0.0,>=1.10.12 in ./.venv/lib/python3.12/site-packages (from garth<0.6.0,>=0.5.17->garminconnect>=0.2.25->-r /home/tom/samba/vscode_projects/garmin_activities/requirements.txt (line 3)) (2.12.5)
Requirement already satisfied: requests-oauthlib<3.0.0,>=1.3.1 in ./.venv/lib/python3.12/site-packages (from garth<0.6.0,>=0.5.17->garminconnect>=0.2.25->-r /home/tom/samba/vscode_projects/garmin_activities/requirements.txt (line 3)) (2.0.0)
Requirement already satisfied: annotated-types>=0.6.0 in ./.venv/lib/python3.12/site-packages (from pydantic<3.0.0,>=1.10.12->garth<0.6.0,>=0.5.17->garminconnect>=0.2.25->-r /home/tom/samba/vscode_projects/garmin_activities/requirements.txt (line 3)) (0.7.0)
Requirement already satisfied: pydantic-core==2.41.5 in ./.venv/lib/python3.12/site-packages (from pydantic<3.0.0,>=1.10.12->garth<0.6.0,>=0.5.17->garminconnect>=0.2.25->-r /home/tom/samba/vscode_projects/garmin_activities/requirements.txt (line 3)) (2.41.5)
Requirement already satisfied: typing-extensions>=4.14.1 in ./.venv/lib/python3.12/site-packages (from pydantic<3.0.0,>=1.10.12->garth<0.6.0,>=0.5.17->garminconnect>=0.2.25->-r /home/tom/samba/vscode_projects/garmin_activities/requirements.txt (line 3)) (4.15.0)
Requirement already satisfied: typing-inspection>=0.4.2 in ./.venv/lib/python3.12/site-packages (from pydantic<3.0.0,>=1.10.12->garth<0.6.0,>=0.5.17->garminconnect>=0.2.25->-r /home/tom/samba/vscode_projects/garmin_activities/requirements.txt (line 3)) (0.4.2)
Requirement already satisfied: oauthlib>=3.0.0 in ./.venv/lib/python3.12/site-packages (from requests-oauthlib<3.0.0,>=1.3.1->garth<0.6.0,>=0.5.17->garminconnect>=0.2.25->-r /home/tom/samba/vscode_projects/garmin_activities/requirements.txt (line 3)) (3.3.1)
Installing Python dependencies into .venv...
Re-launching setup inside .venv...

Launching setup script...
Requirement already satisfied: pip in ./.venv/lib/python3.12/site-packages (26.0.1)
Requirement already satisfied: requests==2.32.3 in ./.venv/lib/python3.12/site-packages (from -r /home/tom/samba/vscode_projects/garmin_activities/requirements.txt (line 1)) (2.32.3)
Requirement already satisfied: PyYAML==6.0.2 in ./.venv/lib/python3.12/site-packages (from -r /home/tom/samba/vscode_projects/garmin_activities/requirements.txt (line 2)) (6.0.2)
Requirement already satisfied: garminconnect>=0.2.25 in ./.venv/lib/python3.12/site-packages (from -r /home/tom/samba/vscode_projects/garmin_activities/requirements.txt (line 3)) (0.2.38)
Requirement already satisfied: charset-normalizer<4,>=2 in ./.venv/lib/python3.12/site-packages (from requests==2.32.3->-r /home/tom/samba/vscode_projects/garmin_activities/requirements.txt (line 1)) (3.4.4)
Requirement already satisfied: idna<4,>=2.5 in ./.venv/lib/python3.12/site-packages (from requests==2.32.3->-r /home/tom/samba/vscode_projects/garmin_activities/requirements.txt (line 1)) (3.11)
Requirement already satisfied: urllib3<3,>=1.21.1 in ./.venv/lib/python3.12/site-packages (from requests==2.32.3->-r /home/tom/samba/vscode_projects/garmin_activities/requirements.txt (line 1)) (2.6.3)
Requirement already satisfied: certifi>=2017.4.17 in ./.venv/lib/python3.12/site-packages (from requests==2.32.3->-r /home/tom/samba/vscode_projects/garmin_activities/requirements.txt (line 1)) (2026.1.4)
Requirement already satisfied: garth<0.6.0,>=0.5.17 in ./.venv/lib/python3.12/site-packages (from garminconnect>=0.2.25->-r /home/tom/samba/vscode_projects/garmin_activities/requirements.txt (line 3)) (0.5.21)
Requirement already satisfied: pydantic<3.0.0,>=1.10.12 in ./.venv/lib/python3.12/site-packages (from garth<0.6.0,>=0.5.17->garminconnect>=0.2.25->-r /home/tom/samba/vscode_projects/garmin_activities/requirements.txt (line 3)) (2.12.5)
Requirement already satisfied: requests-oauthlib<3.0.0,>=1.3.1 in ./.venv/lib/python3.12/site-packages (from garth<0.6.0,>=0.5.17->garminconnect>=0.2.25->-r /home/tom/samba/vscode_projects/garmin_activities/requirements.txt (line 3)) (2.0.0)
Requirement already satisfied: annotated-types>=0.6.0 in ./.venv/lib/python3.12/site-packages (from pydantic<3.0.0,>=1.10.12->garth<0.6.0,>=0.5.17->garminconnect>=0.2.25->-r /home/tom/samba/vscode_projects/garmin_activities/requirements.txt (line 3)) (0.7.0)
Requirement already satisfied: pydantic-core==2.41.5 in ./.venv/lib/python3.12/site-packages (from pydantic<3.0.0,>=1.10.12->garth<0.6.0,>=0.5.17->garminconnect>=0.2.25->-r /home/tom/samba/vscode_projects/garmin_activities/requirements.txt (line 3)) (2.41.5)
Requirement already satisfied: typing-extensions>=4.14.1 in ./.venv/lib/python3.12/site-packages (from pydantic<3.0.0,>=1.10.12->garth<0.6.0,>=0.5.17->garminconnect>=0.2.25->-r /home/tom/samba/vscode_projects/garmin_activities/requirements.txt (line 3)) (4.15.0)
Requirement already satisfied: typing-inspection>=0.4.2 in ./.venv/lib/python3.12/site-packages (from pydantic<3.0.0,>=1.10.12->garth<0.6.0,>=0.5.17->garminconnect>=0.2.25->-r /home/tom/samba/vscode_projects/garmin_activities/requirements.txt (line 3)) (0.4.2)
Requirement already satisfied: oauthlib>=3.0.0 in ./.venv/lib/python3.12/site-packages (from requests-oauthlib<3.0.0,>=1.3.1->garth<0.6.0,>=0.5.17->garminconnect>=0.2.25->-r /home/tom/samba/vscode_projects/garmin_activities/requirements.txt (line 3)) (3.3.1)
Installing Python dependencies into .venv...
Re-launching setup inside .venv...

Launching setup script...
Requirement already satisfied: pip in ./.venv/lib/python3.12/site-packages (26.0.1)
Requirement already satisfied: requests==2.32.3 in ./.venv/lib/python3.12/site-packages (from -r /home/tom/samba/vscode_projects/garmin_activities/requirements.txt (line 1)) (2.32.3)
Requirement already satisfied: PyYAML==6.0.2 in ./.venv/lib/python3.12/site-packages (from -r /home/tom/samba/vscode_projects/garmin_activities/requirements.txt (line 2)) (6.0.2)
Requirement already satisfied: garminconnect>=0.2.25 in ./.venv/lib/python3.12/site-packages (from -r /home/tom/samba/vscode_projects/garmin_activities/requirements.txt (line 3)) (0.2.38)
Requirement already satisfied: charset-normalizer<4,>=2 in ./.venv/lib/python3.12/site-packages (from requests==2.32.3->-r /home/tom/samba/vscode_projects/garmin_activities/requirements.txt (line 1)) (3.4.4)
Requirement already satisfied: idna<4,>=2.5 in ./.venv/lib/python3.12/site-packages (from requests==2.32.3->-r /home/tom/samba/vscode_projects/garmin_activities/requirements.txt (line 1)) (3.11)
Requirement already satisfied: urllib3<3,>=1.21.1 in ./.venv/lib/python3.12/site-packages (from requests==2.32.3->-r /home/tom/samba/vscode_projects/garmin_activities/requirements.txt (line 1)) (2.6.3)
Requirement already satisfied: certifi>=2017.4.17 in ./.venv/lib/python3.12/site-packages (from requests==2.32.3->-r /home/tom/samba/vscode_projects/garmin_activities/requirements.txt (line 1)) (2026.1.4)
Requirement already satisfied: garth<0.6.0,>=0.5.17 in ./.venv/lib/python3.12/site-packages (from garminconnect>=0.2.25->-r /home/tom/samba/vscode_projects/garmin_activities/requirements.txt (line 3)) (0.5.21)
Requirement already satisfied: pydantic<3.0.0,>=1.10.12 in ./.venv/lib/python3.12/site-packages (from garth<0.6.0,>=0.5.17->garminconnect>=0.2.25->-r /home/tom/samba/vscode_projects/garmin_activities/requirements.txt (line 3)) (2.12.5)
Requirement already satisfied: requests-oauthlib<3.0.0,>=1.3.1 in ./.venv/lib/python3.12/site-packages (from garth<0.6.0,>=0.5.17->garminconnect>=0.2.25->-r /home/tom/samba/vscode_projects/garmin_activities/requirements.txt (line 3)) (2.0.0)
Requirement already satisfied: annotated-types>=0.6.0 in ./.venv/lib/python3.12/site-packages (from pydantic<3.0.0,>=1.10.12->garth<0.6.0,>=0.5.17->garminconnect>=0.2.25->-r /home/tom/samba/vscode_projects/garmin_activities/requirements.txt (line 3)) (0.7.0)
Requirement already satisfied: pydantic-core==2.41.5 in ./.venv/lib/python3.12/site-packages (from pydantic<3.0.0,>=1.10.12->garth<0.6.0,>=0.5.17->garminconnect>=0.2.25->-r /home/tom/samba/vscode_projects/garmin_activities/requirements.txt (line 3)) (2.41.5)
Requirement already satisfied: typing-extensions>=4.14.1 in ./.venv/lib/python3.12/site-packages (from pydantic<3.0.0,>=1.10.12->garth<0.6.0,>=0.5.17->garminconnect>=0.2.25->-r /home/tom/samba/vscode_projects/garmin_activities/requirements.txt (line 3)) (4.15.0)
Requirement already satisfied: typing-inspection>=0.4.2 in ./.venv/lib/python3.12/site-packages (from pydantic<3.0.0,>=1.10.12->garth<0.6.0,>=0.5.17->garminconnect>=0.2.25->-r /home/tom/samba/vscode_projects/garmin_activities/requirements.txt (line 3)) (0.4.2)
Requirement already satisfied: oauthlib>=3.0.0 in ./.venv/lib/python3.12/site-packages (from requests-oauthlib<3.0.0,>=1.3.1->garth<0.6.0,>=0.5.17->garminconnect>=0.2.25->-r /home/tom/samba/vscode_projects/garmin_activities/requirements.txt (line 3)) (3.3.1)
Synced (garmin): {'source': 'garmin', 'fetched': 5, 'new_or_updated': 0, 'deleted': 0, 'lookback_start_ts': 0, 'timestamp_utc': '2026-02-24T18:45:04.146168+00:00', 'rate_limited': False, 'backfill_completed': True, 'backfill_next_offset': None, 'duration_enriched': 0, 'recent_sync': {'fetched': 5, 'new_or_updated': 0, 'oldest_ts': 1771432279, 'newest_ts': 1771943165, 'rate_limited': False, 'rate_limit_message': '', 'activity_ids': ['21909474146', '21920517407', '21937091058', '21952064872', '21970520903']}}
Running in local-only mode (no GitHub integration).
Executing pipeline locally...

Installing Python dependencies into .venv...
Re-launching setup inside .venv...

Launching setup script...
Requirement already satisfied: pip in ./.venv/lib/python3.12/site-packages (26.0.1)
Requirement already satisfied: requests==2.32.3 in ./.venv/lib/python3.12/site-packages (from -r /home/tom/samba/vscode_projects/garmin_activities/requirements.txt (line 1)) (2.32.3)
Requirement already satisfied: PyYAML==6.0.2 in ./.venv/lib/python3.12/site-packages (from -r /home/tom/samba/vscode_projects/garmin_activities/requirements.txt (line 2)) (6.0.2)
Requirement already satisfied: garminconnect>=0.2.25 in ./.venv/lib/python3.12/site-packages (from -r /home/tom/samba/vscode_projects/garmin_activities/requirements.txt (line 3)) (0.2.38)
Requirement already satisfied: charset-normalizer<4,>=2 in ./.venv/lib/python3.12/site-packages (from requests==2.32.3->-r /home/tom/samba/vscode_projects/garmin_activities/requirements.txt (line 1)) (3.4.4)
Requirement already satisfied: idna<4,>=2.5 in ./.venv/lib/python3.12/site-packages (from requests==2.32.3->-r /home/tom/samba/vscode_projects/garmin_activities/requirements.txt (line 1)) (3.11)
Requirement already satisfied: urllib3<3,>=1.21.1 in ./.venv/lib/python3.12/site-packages (from requests==2.32.3->-r /home/tom/samba/vscode_projects/garmin_activities/requirements.txt (line 1)) (2.6.3)
Requirement already satisfied: certifi>=2017.4.17 in ./.venv/lib/python3.12/site-packages (from requests==2.32.3->-r /home/tom/samba/vscode_projects/garmin_activities/requirements.txt (line 1)) (2026.1.4)
Requirement already satisfied: garth<0.6.0,>=0.5.17 in ./.venv/lib/python3.12/site-packages (from garminconnect>=0.2.25->-r /home/tom/samba/vscode_projects/garmin_activities/requirements.txt (line 3)) (0.5.21)
Requirement already satisfied: pydantic<3.0.0,>=1.10.12 in ./.venv/lib/python3.12/site-packages (from garth<0.6.0,>=0.5.17->garminconnect>=0.2.25->-r /home/tom/samba/vscode_projects/garmin_activities/requirements.txt (line 3)) (2.12.5)
Requirement already satisfied: requests-oauthlib<3.0.0,>=1.3.1 in ./.venv/lib/python3.12/site-packages (from garth<0.6.0,>=0.5.17->garminconnect>=0.2.25->-r /home/tom/samba/vscode_projects/garmin_activities/requirements.txt (line 3)) (2.0.0)
Requirement already satisfied: annotated-types>=0.6.0 in ./.venv/lib/python3.12/site-packages (from pydantic<3.0.0,>=1.10.12->garth<0.6.0,>=0.5.17->garminconnect>=0.2.25->-r /home/tom/samba/vscode_projects/garmin_activities/requirements.txt (line 3)) (0.7.0)
Requirement already satisfied: pydantic-core==2.41.5 in ./.venv/lib/python3.12/site-packages (from pydantic<3.0.0,>=1.10.12->garth<0.6.0,>=0.5.17->garminconnect>=0.2.25->-r /home/tom/samba/vscode_projects/garmin_activities/requirements.txt (line 3)) (2.41.5)
Requirement already satisfied: typing-extensions>=4.14.1 in ./.venv/lib/python3.12/site-packages (from pydantic<3.0.0,>=1.10.12->garth<0.6.0,>=0.5.17->garminconnect>=0.2.25->-r /home/tom/samba/vscode_projects/garmin_activities/requirements.txt (line 3)) (4.15.0)
Requirement already satisfied: typing-inspection>=0.4.2 in ./.venv/lib/python3.12/site-packages (from pydantic<3.0.0,>=1.10.12->garth<0.6.0,>=0.5.17->garminconnect>=0.2.25->-r /home/tom/samba/vscode_projects/garmin_activities/requirements.txt (line 3)) (0.4.2)
Requirement already satisfied: oauthlib>=3.0.0 in ./.venv/lib/python3.12/site-packages (from requests-oauthlib<3.0.0,>=1.3.1->garth<0.6.0,>=0.5.17->garminconnect>=0.2.25->-r /home/tom/samba/vscode_projects/garmin_activities/requirements.txt (line 3)) (3.3.1)
Synced (garmin): {'source': 'garmin', 'fetched': 5, 'new_or_updated': 0, 'deleted': 0, 'lookback_start_ts': 0, 'timestamp_utc': '2026-02-24T18:46:04.250230+00:00', 'rate_limited': False, 'backfill_completed': True, 'backfill_next_offset': None, 'duration_enriched': 0, 'recent_sync': {'fetched': 5, 'new_or_updated': 0, 'oldest_ts': 1771432279, 'newest_ts': 1771943165, 'rate_limited': False, 'rate_limit_message': '', 'activity_ids': ['21909474146', '21920517407', '21937091058', '21952064872', '21970520903']}}
Running in local-only mode (no GitHub integration).
Executing pipeline locally...

Installing Python dependencies into .venv...
Re-launching setup inside .venv...

Launching setup script...
Requirement already satisfied: pip in ./.venv/lib/python3.12/site-packages (26.0.1)
Requirement already satisfied: requests==2.32.3 in ./.venv/lib/python3.12/site-packages (from -r /home/tom/samba/vscode_projects/garmin_activities/requirements.txt (line 1)) (2.32.3)
Requirement already satisfied: PyYAML==6.0.2 in ./.venv/lib/python3.12/site-packages (from -r /home/tom/samba/vscode_projects/garmin_activities/requirements.txt (line 2)) (6.0.2)
Requirement already satisfied: garminconnect>=0.2.25 in ./.venv/lib/python3.12/site-packages (from -r /home/tom/samba/vscode_projects/garmin_activities/requirements.txt (line 3)) (0.2.38)
Requirement already satisfied: charset-normalizer<4,>=2 in ./.venv/lib/python3.12/site-packages (from requests==2.32.3->-r /home/tom/samba/vscode_projects/garmin_activities/requirements.txt (line 1)) (3.4.4)
Requirement already satisfied: idna<4,>=2.5 in ./.venv/lib/python3.12/site-packages (from requests==2.32.3->-r /home/tom/samba/vscode_projects/garmin_activities/requirements.txt (line 1)) (3.11)
Requirement already satisfied: urllib3<3,>=1.21.1 in ./.venv/lib/python3.12/site-packages (from requests==2.32.3->-r /home/tom/samba/vscode_projects/garmin_activities/requirements.txt (line 1)) (2.6.3)
Requirement already satisfied: certifi>=2017.4.17 in ./.venv/lib/python3.12/site-packages (from requests==2.32.3->-r /home/tom/samba/vscode_projects/garmin_activities/requirements.txt (line 1)) (2026.1.4)
Requirement already satisfied: garth<0.6.0,>=0.5.17 in ./.venv/lib/python3.12/site-packages (from garminconnect>=0.2.25->-r /home/tom/samba/vscode_projects/garmin_activities/requirements.txt (line 3)) (0.5.21)
Requirement already satisfied: pydantic<3.0.0,>=1.10.12 in ./.venv/lib/python3.12/site-packages (from garth<0.6.0,>=0.5.17->garminconnect>=0.2.25->-r /home/tom/samba/vscode_projects/garmin_activities/requirements.txt (line 3)) (2.12.5)
Requirement already satisfied: requests-oauthlib<3.0.0,>=1.3.1 in ./.venv/lib/python3.12/site-packages (from garth<0.6.0,>=0.5.17->garminconnect>=0.2.25->-r /home/tom/samba/vscode_projects/garmin_activities/requirements.txt (line 3)) (2.0.0)
Requirement already satisfied: annotated-types>=0.6.0 in ./.venv/lib/python3.12/site-packages (from pydantic<3.0.0,>=1.10.12->garth<0.6.0,>=0.5.17->garminconnect>=0.2.25->-r /home/tom/samba/vscode_projects/garmin_activities/requirements.txt (line 3)) (0.7.0)
Requirement already satisfied: pydantic-core==2.41.5 in ./.venv/lib/python3.12/site-packages (from pydantic<3.0.0,>=1.10.12->garth<0.6.0,>=0.5.17->garminconnect>=0.2.25->-r /home/tom/samba/vscode_projects/garmin_activities/requirements.txt (line 3)) (2.41.5)
Requirement already satisfied: typing-extensions>=4.14.1 in ./.venv/lib/python3.12/site-packages (from pydantic<3.0.0,>=1.10.12->garth<0.6.0,>=0.5.17->garminconnect>=0.2.25->-r /home/tom/samba/vscode_projects/garmin_activities/requirements.txt (line 3)) (4.15.0)
Requirement already satisfied: typing-inspection>=0.4.2 in ./.venv/lib/python3.12/site-packages (from pydantic<3.0.0,>=1.10.12->garth<0.6.0,>=0.5.17->garminconnect>=0.2.25->-r /home/tom/samba/vscode_projects/garmin_activities/requirements.txt (line 3)) (0.4.2)
Requirement already satisfied: oauthlib>=3.0.0 in ./.venv/lib/python3.12/site-packages (from requests-oauthlib<3.0.0,>=1.3.1->garth<0.6.0,>=0.5.17->garminconnect>=0.2.25->-r /home/tom/samba/vscode_projects/garmin_activities/requirements.txt (line 3)) (3.3.1)
Synced (garmin): {'source': 'garmin', 'fetched': 5, 'new_or_updated': 0, 'deleted': 0, 'lookback_start_ts': 0, 'timestamp_utc': '2026-02-24T18:47:04.202565+00:00', 'rate_limited': False, 'backfill_completed': True, 'backfill_next_offset': None, 'duration_enriched': 0, 'recent_sync': {'fetched': 5, 'new_or_updated': 0, 'oldest_ts': 1771432279, 'newest_ts': 1771943165, 'rate_limited': False, 'rate_limit_message': '', 'activity_ids': ['21909474146', '21920517407', '21937091058', '21952064872', '21970520903']}}
Installing Python dependencies into .venv...
Re-launching setup inside .venv...

Launching setup script...
Requirement already satisfied: pip in ./.venv/lib/python3.12/site-packages (26.0.1)
Requirement already satisfied: requests==2.32.3 in ./.venv/lib/python3.12/site-packages (from -r /home/tom/samba/vscode_projects/garmin_activities/requirements.txt (line 1)) (2.32.3)
Requirement already satisfied: PyYAML==6.0.2 in ./.venv/lib/python3.12/site-packages (from -r /home/tom/samba/vscode_projects/garmin_activities/requirements.txt (line 2)) (6.0.2)
Requirement already satisfied: garminconnect>=0.2.25 in ./.venv/lib/python3.12/site-packages (from -r /home/tom/samba/vscode_projects/garmin_activities/requirements.txt (line 3)) (0.2.38)
Requirement already satisfied: charset-normalizer<4,>=2 in ./.venv/lib/python3.12/site-packages (from requests==2.32.3->-r /home/tom/samba/vscode_projects/garmin_activities/requirements.txt (line 1)) (3.4.4)
Requirement already satisfied: idna<4,>=2.5 in ./.venv/lib/python3.12/site-packages (from requests==2.32.3->-r /home/tom/samba/vscode_projects/garmin_activities/requirements.txt (line 1)) (3.11)
Requirement already satisfied: urllib3<3,>=1.21.1 in ./.venv/lib/python3.12/site-packages (from requests==2.32.3->-r /home/tom/samba/vscode_projects/garmin_activities/requirements.txt (line 1)) (2.6.3)
Requirement already satisfied: certifi>=2017.4.17 in ./.venv/lib/python3.12/site-packages (from requests==2.32.3->-r /home/tom/samba/vscode_projects/garmin_activities/requirements.txt (line 1)) (2026.1.4)
Requirement already satisfied: garth<0.6.0,>=0.5.17 in ./.venv/lib/python3.12/site-packages (from garminconnect>=0.2.25->-r /home/tom/samba/vscode_projects/garmin_activities/requirements.txt (line 3)) (0.5.21)
Requirement already satisfied: pydantic<3.0.0,>=1.10.12 in ./.venv/lib/python3.12/site-packages (from garth<0.6.0,>=0.5.17->garminconnect>=0.2.25->-r /home/tom/samba/vscode_projects/garmin_activities/requirements.txt (line 3)) (2.12.5)
Requirement already satisfied: requests-oauthlib<3.0.0,>=1.3.1 in ./.venv/lib/python3.12/site-packages (from garth<0.6.0,>=0.5.17->garminconnect>=0.2.25->-r /home/tom/samba/vscode_projects/garmin_activities/requirements.txt (line 3)) (2.0.0)
Requirement already satisfied: annotated-types>=0.6.0 in ./.venv/lib/python3.12/site-packages (from pydantic<3.0.0,>=1.10.12->garth<0.6.0,>=0.5.17->garminconnect>=0.2.25->-r /home/tom/samba/vscode_projects/garmin_activities/requirements.txt (line 3)) (0.7.0)
Requirement already satisfied: pydantic-core==2.41.5 in ./.venv/lib/python3.12/site-packages (from pydantic<3.0.0,>=1.10.12->garth<0.6.0,>=0.5.17->garminconnect>=0.2.25->-r /home/tom/samba/vscode_projects/garmin_activities/requirements.txt (line 3)) (2.41.5)
Requirement already satisfied: typing-extensions>=4.14.1 in ./.venv/lib/python3.12/site-packages (from pydantic<3.0.0,>=1.10.12->garth<0.6.0,>=0.5.17->garminconnect>=0.2.25->-r /home/tom/samba/vscode_projects/garmin_activities/requirements.txt (line 3)) (4.15.0)
Requirement already satisfied: typing-inspection>=0.4.2 in ./.venv/lib/python3.12/site-packages (from pydantic<3.0.0,>=1.10.12->garth<0.6.0,>=0.5.17->garminconnect>=0.2.25->-r /home/tom/samba/vscode_projects/garmin_activities/requirements.txt (line 3)) (0.4.2)
Requirement already satisfied: oauthlib>=3.0.0 in ./.venv/lib/python3.12/site-packages (from requests-oauthlib<3.0.0,>=1.3.1->garth<0.6.0,>=0.5.17->garminconnect>=0.2.25->-r /home/tom/samba/vscode_projects/garmin_activities/requirements.txt (line 3)) (3.3.1)
usage: run_pipeline.py [-h] [--skip-sync] [--dry-run] [--prune-deleted]
                       [--update-readme-link]
run_pipeline.py: error: unrecognized arguments: --no-bootstrap-env
Pipeline failed.
Installing Python dependencies into .venv...
Re-launching setup inside .venv...

Launching setup script...
Requirement already satisfied: pip in ./.venv/lib/python3.12/site-packages (26.0.1)
Requirement already satisfied: requests==2.32.3 in ./.venv/lib/python3.12/site-packages (from -r /home/tom/samba/vscode_projects/garmin_activities/requirements.txt (line 1)) (2.32.3)
Requirement already satisfied: PyYAML==6.0.2 in ./.venv/lib/python3.12/site-packages (from -r /home/tom/samba/vscode_projects/garmin_activities/requirements.txt (line 2)) (6.0.2)
Requirement already satisfied: garminconnect>=0.2.25 in ./.venv/lib/python3.12/site-packages (from -r /home/tom/samba/vscode_projects/garmin_activities/requirements.txt (line 3)) (0.2.38)
Requirement already satisfied: charset-normalizer<4,>=2 in ./.venv/lib/python3.12/site-packages (from requests==2.32.3->-r /home/tom/samba/vscode_projects/garmin_activities/requirements.txt (line 1)) (3.4.4)
Requirement already satisfied: idna<4,>=2.5 in ./.venv/lib/python3.12/site-packages (from requests==2.32.3->-r /home/tom/samba/vscode_projects/garmin_activities/requirements.txt (line 1)) (3.11)
Requirement already satisfied: urllib3<3,>=1.21.1 in ./.venv/lib/python3.12/site-packages (from requests==2.32.3->-r /home/tom/samba/vscode_projects/garmin_activities/requirements.txt (line 1)) (2.6.3)
Requirement already satisfied: certifi>=2017.4.17 in ./.venv/lib/python3.12/site-packages (from requests==2.32.3->-r /home/tom/samba/vscode_projects/garmin_activities/requirements.txt (line 1)) (2026.1.4)
Requirement already satisfied: garth<0.6.0,>=0.5.17 in ./.venv/lib/python3.12/site-packages (from garminconnect>=0.2.25->-r /home/tom/samba/vscode_projects/garmin_activities/requirements.txt (line 3)) (0.5.21)
Requirement already satisfied: pydantic<3.0.0,>=1.10.12 in ./.venv/lib/python3.12/site-packages (from garth<0.6.0,>=0.5.17->garminconnect>=0.2.25->-r /home/tom/samba/vscode_projects/garmin_activities/requirements.txt (line 3)) (2.12.5)
Requirement already satisfied: requests-oauthlib<3.0.0,>=1.3.1 in ./.venv/lib/python3.12/site-packages (from garth<0.6.0,>=0.5.17->garminconnect>=0.2.25->-r /home/tom/samba/vscode_projects/garmin_activities/requirements.txt (line 3)) (2.0.0)
Requirement already satisfied: annotated-types>=0.6.0 in ./.venv/lib/python3.12/site-packages (from pydantic<3.0.0,>=1.10.12->garth<0.6.0,>=0.5.17->garminconnect>=0.2.25->-r /home/tom/samba/vscode_projects/garmin_activities/requirements.txt (line 3)) (0.7.0)
Requirement already satisfied: pydantic-core==2.41.5 in ./.venv/lib/python3.12/site-packages (from pydantic<3.0.0,>=1.10.12->garth<0.6.0,>=0.5.17->garminconnect>=0.2.25->-r /home/tom/samba/vscode_projects/garmin_activities/requirements.txt (line 3)) (2.41.5)
Requirement already satisfied: typing-extensions>=4.14.1 in ./.venv/lib/python3.12/site-packages (from pydantic<3.0.0,>=1.10.12->garth<0.6.0,>=0.5.17->garminconnect>=0.2.25->-r /home/tom/samba/vscode_projects/garmin_activities/requirements.txt (line 3)) (4.15.0)
Requirement already satisfied: typing-inspection>=0.4.2 in ./.venv/lib/python3.12/site-packages (from pydantic<3.0.0,>=1.10.12->garth<0.6.0,>=0.5.17->garminconnect>=0.2.25->-r /home/tom/samba/vscode_projects/garmin_activities/requirements.txt (line 3)) (0.4.2)
Requirement already satisfied: oauthlib>=3.0.0 in ./.venv/lib/python3.12/site-packages (from requests-oauthlib<3.0.0,>=1.3.1->garth<0.6.0,>=0.5.17->garminconnect>=0.2.25->-r /home/tom/samba/vscode_projects/garmin_activities/requirements.txt (line 3)) (3.3.1)
Synced (garmin): {'source': 'garmin', 'fetched': 5, 'new_or_updated': 0, 'deleted': 0, 'lookback_start_ts': 0, 'timestamp_utc': '2026-02-24T18:58:04.279629+00:00', 'rate_limited': False, 'backfill_completed': True, 'backfill_next_offset': None, 'duration_enriched': 0, 'recent_sync': {'fetched': 5, 'new_or_updated': 0, 'oldest_ts': 1771432279, 'newest_ts': 1771943165, 'rate_limited': False, 'rate_limit_message': '', 'activity_ids': ['21909474146', '21920517407', '21937091058', '21952064872', '21970520903']}}
Installing Python dependencies into .venv...
Re-launching setup inside .venv...

Launching setup script...
Requirement already satisfied: pip in ./.venv/lib/python3.12/site-packages (26.0.1)
Requirement already satisfied: requests==2.32.3 in ./.venv/lib/python3.12/site-packages (from -r /home/tom/samba/vscode_projects/garmin_activities/requirements.txt (line 1)) (2.32.3)
Requirement already satisfied: PyYAML==6.0.2 in ./.venv/lib/python3.12/site-packages (from -r /home/tom/samba/vscode_projects/garmin_activities/requirements.txt (line 2)) (6.0.2)
Requirement already satisfied: garminconnect>=0.2.25 in ./.venv/lib/python3.12/site-packages (from -r /home/tom/samba/vscode_projects/garmin_activities/requirements.txt (line 3)) (0.2.38)
Requirement already satisfied: charset-normalizer<4,>=2 in ./.venv/lib/python3.12/site-packages (from requests==2.32.3->-r /home/tom/samba/vscode_projects/garmin_activities/requirements.txt (line 1)) (3.4.4)
Requirement already satisfied: idna<4,>=2.5 in ./.venv/lib/python3.12/site-packages (from requests==2.32.3->-r /home/tom/samba/vscode_projects/garmin_activities/requirements.txt (line 1)) (3.11)
Requirement already satisfied: urllib3<3,>=1.21.1 in ./.venv/lib/python3.12/site-packages (from requests==2.32.3->-r /home/tom/samba/vscode_projects/garmin_activities/requirements.txt (line 1)) (2.6.3)
Requirement already satisfied: certifi>=2017.4.17 in ./.venv/lib/python3.12/site-packages (from requests==2.32.3->-r /home/tom/samba/vscode_projects/garmin_activities/requirements.txt (line 1)) (2026.1.4)
Requirement already satisfied: garth<0.6.0,>=0.5.17 in ./.venv/lib/python3.12/site-packages (from garminconnect>=0.2.25->-r /home/tom/samba/vscode_projects/garmin_activities/requirements.txt (line 3)) (0.5.21)
Requirement already satisfied: pydantic<3.0.0,>=1.10.12 in ./.venv/lib/python3.12/site-packages (from garth<0.6.0,>=0.5.17->garminconnect>=0.2.25->-r /home/tom/samba/vscode_projects/garmin_activities/requirements.txt (line 3)) (2.12.5)
Requirement already satisfied: requests-oauthlib<3.0.0,>=1.3.1 in ./.venv/lib/python3.12/site-packages (from garth<0.6.0,>=0.5.17->garminconnect>=0.2.25->-r /home/tom/samba/vscode_projects/garmin_activities/requirements.txt (line 3)) (2.0.0)
Requirement already satisfied: annotated-types>=0.6.0 in ./.venv/lib/python3.12/site-packages (from pydantic<3.0.0,>=1.10.12->garth<0.6.0,>=0.5.17->garminconnect>=0.2.25->-r /home/tom/samba/vscode_projects/garmin_activities/requirements.txt (line 3)) (0.7.0)
Requirement already satisfied: pydantic-core==2.41.5 in ./.venv/lib/python3.12/site-packages (from pydantic<3.0.0,>=1.10.12->garth<0.6.0,>=0.5.17->garminconnect>=0.2.25->-r /home/tom/samba/vscode_projects/garmin_activities/requirements.txt (line 3)) (2.41.5)
Requirement already satisfied: typing-extensions>=4.14.1 in ./.venv/lib/python3.12/site-packages (from pydantic<3.0.0,>=1.10.12->garth<0.6.0,>=0.5.17->garminconnect>=0.2.25->-r /home/tom/samba/vscode_projects/garmin_activities/requirements.txt (line 3)) (4.15.0)
Requirement already satisfied: typing-inspection>=0.4.2 in ./.venv/lib/python3.12/site-packages (from pydantic<3.0.0,>=1.10.12->garth<0.6.0,>=0.5.17->garminconnect>=0.2.25->-r /home/tom/samba/vscode_projects/garmin_activities/requirements.txt (line 3)) (0.4.2)
Requirement already satisfied: oauthlib>=3.0.0 in ./.venv/lib/python3.12/site-packages (from requests-oauthlib<3.0.0,>=1.3.1->garth<0.6.0,>=0.5.17->garminconnect>=0.2.25->-r /home/tom/samba/vscode_projects/garmin_activities/requirements.txt (line 3)) (3.3.1)
Synced (garmin): {'source': 'garmin', 'fetched': 5, 'new_or_updated': 0, 'deleted': 0, 'lookback_start_ts': 0, 'timestamp_utc': '2026-02-24T18:59:04.615985+00:00', 'rate_limited': False, 'backfill_completed': True, 'backfill_next_offset': None, 'duration_enriched': 0, 'recent_sync': {'fetched': 5, 'new_or_updated': 0, 'oldest_ts': 1771432279, 'newest_ts': 1771943165, 'rate_limited': False, 'rate_limit_message': '', 'activity_ids': ['21909474146', '21920517407', '21937091058', '21952064872', '21970520903']}}
Installing Python dependencies into .venv...
Re-launching setup inside .venv...

Launching setup script...
Requirement already satisfied: pip in ./.venv/lib/python3.12/site-packages (26.0.1)
Requirement already satisfied: requests==2.32.3 in ./.venv/lib/python3.12/site-packages (from -r /home/tom/samba/vscode_projects/garmin_activities/requirements.txt (line 1)) (2.32.3)
Requirement already satisfied: PyYAML==6.0.2 in ./.venv/lib/python3.12/site-packages (from -r /home/tom/samba/vscode_projects/garmin_activities/requirements.txt (line 2)) (6.0.2)
Requirement already satisfied: garminconnect>=0.2.25 in ./.venv/lib/python3.12/site-packages (from -r /home/tom/samba/vscode_projects/garmin_activities/requirements.txt (line 3)) (0.2.38)
Requirement already satisfied: charset-normalizer<4,>=2 in ./.venv/lib/python3.12/site-packages (from requests==2.32.3->-r /home/tom/samba/vscode_projects/garmin_activities/requirements.txt (line 1)) (3.4.4)
Requirement already satisfied: idna<4,>=2.5 in ./.venv/lib/python3.12/site-packages (from requests==2.32.3->-r /home/tom/samba/vscode_projects/garmin_activities/requirements.txt (line 1)) (3.11)
Requirement already satisfied: urllib3<3,>=1.21.1 in ./.venv/lib/python3.12/site-packages (from requests==2.32.3->-r /home/tom/samba/vscode_projects/garmin_activities/requirements.txt (line 1)) (2.6.3)
Requirement already satisfied: certifi>=2017.4.17 in ./.venv/lib/python3.12/site-packages (from requests==2.32.3->-r /home/tom/samba/vscode_projects/garmin_activities/requirements.txt (line 1)) (2026.1.4)
Requirement already satisfied: garth<0.6.0,>=0.5.17 in ./.venv/lib/python3.12/site-packages (from garminconnect>=0.2.25->-r /home/tom/samba/vscode_projects/garmin_activities/requirements.txt (line 3)) (0.5.21)
Requirement already satisfied: pydantic<3.0.0,>=1.10.12 in ./.venv/lib/python3.12/site-packages (from garth<0.6.0,>=0.5.17->garminconnect>=0.2.25->-r /home/tom/samba/vscode_projects/garmin_activities/requirements.txt (line 3)) (2.12.5)
Requirement already satisfied: requests-oauthlib<3.0.0,>=1.3.1 in ./.venv/lib/python3.12/site-packages (from garth<0.6.0,>=0.5.17->garminconnect>=0.2.25->-r /home/tom/samba/vscode_projects/garmin_activities/requirements.txt (line 3)) (2.0.0)
Requirement already satisfied: annotated-types>=0.6.0 in ./.venv/lib/python3.12/site-packages (from pydantic<3.0.0,>=1.10.12->garth<0.6.0,>=0.5.17->garminconnect>=0.2.25->-r /home/tom/samba/vscode_projects/garmin_activities/requirements.txt (line 3)) (0.7.0)
Requirement already satisfied: pydantic-core==2.41.5 in ./.venv/lib/python3.12/site-packages (from pydantic<3.0.0,>=1.10.12->garth<0.6.0,>=0.5.17->garminconnect>=0.2.25->-r /home/tom/samba/vscode_projects/garmin_activities/requirements.txt (line 3)) (2.41.5)
Requirement already satisfied: typing-extensions>=4.14.1 in ./.venv/lib/python3.12/site-packages (from pydantic<3.0.0,>=1.10.12->garth<0.6.0,>=0.5.17->garminconnect>=0.2.25->-r /home/tom/samba/vscode_projects/garmin_activities/requirements.txt (line 3)) (4.15.0)
Requirement already satisfied: typing-inspection>=0.4.2 in ./.venv/lib/python3.12/site-packages (from pydantic<3.0.0,>=1.10.12->garth<0.6.0,>=0.5.17->garminconnect>=0.2.25->-r /home/tom/samba/vscode_projects/garmin_activities/requirements.txt (line 3)) (0.4.2)
Requirement already satisfied: oauthlib>=3.0.0 in ./.venv/lib/python3.12/site-packages (from requests-oauthlib<3.0.0,>=1.3.1->garth<0.6.0,>=0.5.17->garminconnect>=0.2.25->-r /home/tom/samba/vscode_projects/garmin_activities/requirements.txt (line 3)) (3.3.1)
Synced (garmin): {'source': 'garmin', 'fetched': 5, 'new_or_updated': 0, 'deleted': 0, 'lookback_start_ts': 0, 'timestamp_utc': '2026-02-24T19:00:04.461706+00:00', 'rate_limited': False, 'backfill_completed': True, 'backfill_next_offset': None, 'duration_enriched': 0, 'recent_sync': {'fetched': 5, 'new_or_updated': 0, 'oldest_ts': 1771432279, 'newest_ts': 1771943165, 'rate_limited': False, 'rate_limit_message': '', 'activity_ids': ['21909474146', '21920517407', '21937091058', '21952064872', '21970520903']}}
Installing Python dependencies into .venv...
Re-launching setup inside .venv...

Launching setup script...
Requirement already satisfied: pip in ./.venv/lib/python3.12/site-packages (26.0.1)
Requirement already satisfied: requests==2.32.3 in ./.venv/lib/python3.12/site-packages (from -r /home/tom/samba/vscode_projects/garmin_activities/requirements.txt (line 1)) (2.32.3)
Requirement already satisfied: PyYAML==6.0.2 in ./.venv/lib/python3.12/site-packages (from -r /home/tom/samba/vscode_projects/garmin_activities/requirements.txt (line 2)) (6.0.2)
Requirement already satisfied: garminconnect>=0.2.25 in ./.venv/lib/python3.12/site-packages (from -r /home/tom/samba/vscode_projects/garmin_activities/requirements.txt (line 3)) (0.2.38)
Requirement already satisfied: charset-normalizer<4,>=2 in ./.venv/lib/python3.12/site-packages (from requests==2.32.3->-r /home/tom/samba/vscode_projects/garmin_activities/requirements.txt (line 1)) (3.4.4)
Requirement already satisfied: idna<4,>=2.5 in ./.venv/lib/python3.12/site-packages (from requests==2.32.3->-r /home/tom/samba/vscode_projects/garmin_activities/requirements.txt (line 1)) (3.11)
Requirement already satisfied: urllib3<3,>=1.21.1 in ./.venv/lib/python3.12/site-packages (from requests==2.32.3->-r /home/tom/samba/vscode_projects/garmin_activities/requirements.txt (line 1)) (2.6.3)
Requirement already satisfied: certifi>=2017.4.17 in ./.venv/lib/python3.12/site-packages (from requests==2.32.3->-r /home/tom/samba/vscode_projects/garmin_activities/requirements.txt (line 1)) (2026.1.4)
Requirement already satisfied: garth<0.6.0,>=0.5.17 in ./.venv/lib/python3.12/site-packages (from garminconnect>=0.2.25->-r /home/tom/samba/vscode_projects/garmin_activities/requirements.txt (line 3)) (0.5.21)
Requirement already satisfied: pydantic<3.0.0,>=1.10.12 in ./.venv/lib/python3.12/site-packages (from garth<0.6.0,>=0.5.17->garminconnect>=0.2.25->-r /home/tom/samba/vscode_projects/garmin_activities/requirements.txt (line 3)) (2.12.5)
Requirement already satisfied: requests-oauthlib<3.0.0,>=1.3.1 in ./.venv/lib/python3.12/site-packages (from garth<0.6.0,>=0.5.17->garminconnect>=0.2.25->-r /home/tom/samba/vscode_projects/garmin_activities/requirements.txt (line 3)) (2.0.0)
Requirement already satisfied: annotated-types>=0.6.0 in ./.venv/lib/python3.12/site-packages (from pydantic<3.0.0,>=1.10.12->garth<0.6.0,>=0.5.17->garminconnect>=0.2.25->-r /home/tom/samba/vscode_projects/garmin_activities/requirements.txt (line 3)) (0.7.0)
Requirement already satisfied: pydantic-core==2.41.5 in ./.venv/lib/python3.12/site-packages (from pydantic<3.0.0,>=1.10.12->garth<0.6.0,>=0.5.17->garminconnect>=0.2.25->-r /home/tom/samba/vscode_projects/garmin_activities/requirements.txt (line 3)) (2.41.5)
Requirement already satisfied: typing-extensions>=4.14.1 in ./.venv/lib/python3.12/site-packages (from pydantic<3.0.0,>=1.10.12->garth<0.6.0,>=0.5.17->garminconnect>=0.2.25->-r /home/tom/samba/vscode_projects/garmin_activities/requirements.txt (line 3)) (4.15.0)
Requirement already satisfied: typing-inspection>=0.4.2 in ./.venv/lib/python3.12/site-packages (from pydantic<3.0.0,>=1.10.12->garth<0.6.0,>=0.5.17->garminconnect>=0.2.25->-r /home/tom/samba/vscode_projects/garmin_activities/requirements.txt (line 3)) (0.4.2)
Requirement already satisfied: oauthlib>=3.0.0 in ./.venv/lib/python3.12/site-packages (from requests-oauthlib<3.0.0,>=1.3.1->garth<0.6.0,>=0.5.17->garminconnect>=0.2.25->-r /home/tom/samba/vscode_projects/garmin_activities/requirements.txt (line 3)) (3.3.1)
Synced (garmin): {'source': 'garmin', 'fetched': 5, 'new_or_updated': 0, 'deleted': 0, 'lookback_start_ts': 0, 'timestamp_utc': '2026-02-24T19:01:04.153157+00:00', 'rate_limited': False, 'backfill_completed': True, 'backfill_next_offset': None, 'duration_enriched': 0, 'recent_sync': {'fetched': 5, 'new_or_updated': 0, 'oldest_ts': 1771432279, 'newest_ts': 1771943165, 'rate_limited': False, 'rate_limit_message': '', 'activity_ids': ['21909474146', '21920517407', '21937091058', '21952064872', '21970520903']}}
Installing Python dependencies into .venv...
Re-launching setup inside .venv...

Launching setup script...
Requirement already satisfied: pip in ./.venv/lib/python3.12/site-packages (26.0.1)
Requirement already satisfied: requests==2.32.3 in ./.venv/lib/python3.12/site-packages (from -r /home/tom/samba/vscode_projects/garmin_activities/requirements.txt (line 1)) (2.32.3)
Requirement already satisfied: PyYAML==6.0.2 in ./.venv/lib/python3.12/site-packages (from -r /home/tom/samba/vscode_projects/garmin_activities/requirements.txt (line 2)) (6.0.2)
Requirement already satisfied: garminconnect>=0.2.25 in ./.venv/lib/python3.12/site-packages (from -r /home/tom/samba/vscode_projects/garmin_activities/requirements.txt (line 3)) (0.2.38)
Requirement already satisfied: charset-normalizer<4,>=2 in ./.venv/lib/python3.12/site-packages (from requests==2.32.3->-r /home/tom/samba/vscode_projects/garmin_activities/requirements.txt (line 1)) (3.4.4)
Requirement already satisfied: idna<4,>=2.5 in ./.venv/lib/python3.12/site-packages (from requests==2.32.3->-r /home/tom/samba/vscode_projects/garmin_activities/requirements.txt (line 1)) (3.11)
Requirement already satisfied: urllib3<3,>=1.21.1 in ./.venv/lib/python3.12/site-packages (from requests==2.32.3->-r /home/tom/samba/vscode_projects/garmin_activities/requirements.txt (line 1)) (2.6.3)
Requirement already satisfied: certifi>=2017.4.17 in ./.venv/lib/python3.12/site-packages (from requests==2.32.3->-r /home/tom/samba/vscode_projects/garmin_activities/requirements.txt (line 1)) (2026.1.4)
Requirement already satisfied: garth<0.6.0,>=0.5.17 in ./.venv/lib/python3.12/site-packages (from garminconnect>=0.2.25->-r /home/tom/samba/vscode_projects/garmin_activities/requirements.txt (line 3)) (0.5.21)
Requirement already satisfied: pydantic<3.0.0,>=1.10.12 in ./.venv/lib/python3.12/site-packages (from garth<0.6.0,>=0.5.17->garminconnect>=0.2.25->-r /home/tom/samba/vscode_projects/garmin_activities/requirements.txt (line 3)) (2.12.5)
Requirement already satisfied: requests-oauthlib<3.0.0,>=1.3.1 in ./.venv/lib/python3.12/site-packages (from garth<0.6.0,>=0.5.17->garminconnect>=0.2.25->-r /home/tom/samba/vscode_projects/garmin_activities/requirements.txt (line 3)) (2.0.0)
Requirement already satisfied: annotated-types>=0.6.0 in ./.venv/lib/python3.12/site-packages (from pydantic<3.0.0,>=1.10.12->garth<0.6.0,>=0.5.17->garminconnect>=0.2.25->-r /home/tom/samba/vscode_projects/garmin_activities/requirements.txt (line 3)) (0.7.0)
Requirement already satisfied: pydantic-core==2.41.5 in ./.venv/lib/python3.12/site-packages (from pydantic<3.0.0,>=1.10.12->garth<0.6.0,>=0.5.17->garminconnect>=0.2.25->-r /home/tom/samba/vscode_projects/garmin_activities/requirements.txt (line 3)) (2.41.5)
Requirement already satisfied: typing-extensions>=4.14.1 in ./.venv/lib/python3.12/site-packages (from pydantic<3.0.0,>=1.10.12->garth<0.6.0,>=0.5.17->garminconnect>=0.2.25->-r /home/tom/samba/vscode_projects/garmin_activities/requirements.txt (line 3)) (4.15.0)
Requirement already satisfied: typing-inspection>=0.4.2 in ./.venv/lib/python3.12/site-packages (from pydantic<3.0.0,>=1.10.12->garth<0.6.0,>=0.5.17->garminconnect>=0.2.25->-r /home/tom/samba/vscode_projects/garmin_activities/requirements.txt (line 3)) (0.4.2)
Requirement already satisfied: oauthlib>=3.0.0 in ./.venv/lib/python3.12/site-packages (from requests-oauthlib<3.0.0,>=1.3.1->garth<0.6.0,>=0.5.17->garminconnect>=0.2.25->-r /home/tom/samba/vscode_projects/garmin_activities/requirements.txt (line 3)) (3.3.1)
Synced (garmin): {'source': 'garmin', 'fetched': 5, 'new_or_updated': 0, 'deleted': 0, 'lookback_start_ts': 0, 'timestamp_utc': '2026-02-24T19:02:04.191940+00:00', 'rate_limited': False, 'backfill_completed': True, 'backfill_next_offset': None, 'duration_enriched': 0, 'recent_sync': {'fetched': 5, 'new_or_updated': 0, 'oldest_ts': 1771432279, 'newest_ts': 1771943165, 'rate_limited': False, 'rate_limit_message': '', 'activity_ids': ['21909474146', '21920517407', '21937091058', '21952064872', '21970520903']}}

Launching setup script...
Requirement already satisfied: pip in ./.venv/lib/python3.12/site-packages (26.0.1)
Requirement already satisfied: requests==2.32.3 in ./.venv/lib/python3.12/site-packages (from -r /home/tom/samba/vscode_projects/garmin_activities/requirements.txt (line 1)) (2.32.3)
Requirement already satisfied: PyYAML==6.0.2 in ./.venv/lib/python3.12/site-packages (from -r /home/tom/samba/vscode_projects/garmin_activities/requirements.txt (line 2)) (6.0.2)
Requirement already satisfied: garminconnect>=0.2.25 in ./.venv/lib/python3.12/site-packages (from -r /home/tom/samba/vscode_projects/garmin_activities/requirements.txt (line 3)) (0.2.38)
Requirement already satisfied: charset-normalizer<4,>=2 in ./.venv/lib/python3.12/site-packages (from requests==2.32.3->-r /home/tom/samba/vscode_projects/garmin_activities/requirements.txt (line 1)) (3.4.4)
Requirement already satisfied: idna<4,>=2.5 in ./.venv/lib/python3.12/site-packages (from requests==2.32.3->-r /home/tom/samba/vscode_projects/garmin_activities/requirements.txt (line 1)) (3.11)
Requirement already satisfied: urllib3<3,>=1.21.1 in ./.venv/lib/python3.12/site-packages (from requests==2.32.3->-r /home/tom/samba/vscode_projects/garmin_activities/requirements.txt (line 1)) (2.6.3)
Requirement already satisfied: certifi>=2017.4.17 in ./.venv/lib/python3.12/site-packages (from requests==2.32.3->-r /home/tom/samba/vscode_projects/garmin_activities/requirements.txt (line 1)) (2026.1.4)
Requirement already satisfied: garth<0.6.0,>=0.5.17 in ./.venv/lib/python3.12/site-packages (from garminconnect>=0.2.25->-r /home/tom/samba/vscode_projects/garmin_activities/requirements.txt (line 3)) (0.5.21)
Requirement already satisfied: pydantic<3.0.0,>=1.10.12 in ./.venv/lib/python3.12/site-packages (from garth<0.6.0,>=0.5.17->garminconnect>=0.2.25->-r /home/tom/samba/vscode_projects/garmin_activities/requirements.txt (line 3)) (2.12.5)
Requirement already satisfied: requests-oauthlib<3.0.0,>=1.3.1 in ./.venv/lib/python3.12/site-packages (from garth<0.6.0,>=0.5.17->garminconnect>=0.2.25->-r /home/tom/samba/vscode_projects/garmin_activities/requirements.txt (line 3)) (2.0.0)
Requirement already satisfied: annotated-types>=0.6.0 in ./.venv/lib/python3.12/site-packages (from pydantic<3.0.0,>=1.10.12->garth<0.6.0,>=0.5.17->garminconnect>=0.2.25->-r /home/tom/samba/vscode_projects/garmin_activities/requirements.txt (line 3)) (0.7.0)
Requirement already satisfied: pydantic-core==2.41.5 in ./.venv/lib/python3.12/site-packages (from pydantic<3.0.0,>=1.10.12->garth<0.6.0,>=0.5.17->garminconnect>=0.2.25->-r /home/tom/samba/vscode_projects/garmin_activities/requirements.txt (line 3)) (2.41.5)
Requirement already satisfied: typing-extensions>=4.14.1 in ./.venv/lib/python3.12/site-packages (from pydantic<3.0.0,>=1.10.12->garth<0.6.0,>=0.5.17->garminconnect>=0.2.25->-r /home/tom/samba/vscode_projects/garmin_activities/requirements.txt (line 3)) (4.15.0)
Requirement already satisfied: typing-inspection>=0.4.2 in ./.venv/lib/python3.12/site-packages (from pydantic<3.0.0,>=1.10.12->garth<0.6.0,>=0.5.17->garminconnect>=0.2.25->-r /home/tom/samba/vscode_projects/garmin_activities/requirements.txt (line 3)) (0.4.2)
Requirement already satisfied: oauthlib>=3.0.0 in ./.venv/lib/python3.12/site-packages (from requests-oauthlib<3.0.0,>=1.3.1->garth<0.6.0,>=0.5.17->garminconnect>=0.2.25->-r /home/tom/samba/vscode_projects/garmin_activities/requirements.txt (line 3)) (3.3.1)
Synced (garmin): {'source': 'garmin', 'fetched': 5, 'new_or_updated': 0, 'deleted': 0, 'lookback_start_ts': 0, 'timestamp_utc': '2026-02-24T19:03:03.913661+00:00', 'rate_limited': False, 'backfill_completed': True, 'backfill_next_offset': None, 'duration_enriched': 0, 'recent_sync': {'fetched': 5, 'new_or_updated': 0, 'oldest_ts': 1771432279, 'newest_ts': 1771943165, 'rate_limited': False, 'rate_limit_message': '', 'activity_ids': ['21909474146', '21920517407', '21937091058', '21952064872', '21970520903']}}

Launching setup script...
Requirement already satisfied: pip in ./.venv/lib/python3.12/site-packages (26.0.1)
Requirement already satisfied: requests==2.32.3 in ./.venv/lib/python3.12/site-packages (from -r /home/tom/samba/vscode_projects/garmin_activities/requirements.txt (line 1)) (2.32.3)
Requirement already satisfied: PyYAML==6.0.2 in ./.venv/lib/python3.12/site-packages (from -r /home/tom/samba/vscode_projects/garmin_activities/requirements.txt (line 2)) (6.0.2)
Requirement already satisfied: garminconnect>=0.2.25 in ./.venv/lib/python3.12/site-packages (from -r /home/tom/samba/vscode_projects/garmin_activities/requirements.txt (line 3)) (0.2.38)
Requirement already satisfied: charset-normalizer<4,>=2 in ./.venv/lib/python3.12/site-packages (from requests==2.32.3->-r /home/tom/samba/vscode_projects/garmin_activities/requirements.txt (line 1)) (3.4.4)
Requirement already satisfied: idna<4,>=2.5 in ./.venv/lib/python3.12/site-packages (from requests==2.32.3->-r /home/tom/samba/vscode_projects/garmin_activities/requirements.txt (line 1)) (3.11)
Requirement already satisfied: urllib3<3,>=1.21.1 in ./.venv/lib/python3.12/site-packages (from requests==2.32.3->-r /home/tom/samba/vscode_projects/garmin_activities/requirements.txt (line 1)) (2.6.3)
Requirement already satisfied: certifi>=2017.4.17 in ./.venv/lib/python3.12/site-packages (from requests==2.32.3->-r /home/tom/samba/vscode_projects/garmin_activities/requirements.txt (line 1)) (2026.1.4)
Requirement already satisfied: garth<0.6.0,>=0.5.17 in ./.venv/lib/python3.12/site-packages (from garminconnect>=0.2.25->-r /home/tom/samba/vscode_projects/garmin_activities/requirements.txt (line 3)) (0.5.21)
Requirement already satisfied: pydantic<3.0.0,>=1.10.12 in ./.venv/lib/python3.12/site-packages (from garth<0.6.0,>=0.5.17->garminconnect>=0.2.25->-r /home/tom/samba/vscode_projects/garmin_activities/requirements.txt (line 3)) (2.12.5)
Requirement already satisfied: requests-oauthlib<3.0.0,>=1.3.1 in ./.venv/lib/python3.12/site-packages (from garth<0.6.0,>=0.5.17->garminconnect>=0.2.25->-r /home/tom/samba/vscode_projects/garmin_activities/requirements.txt (line 3)) (2.0.0)
Requirement already satisfied: annotated-types>=0.6.0 in ./.venv/lib/python3.12/site-packages (from pydantic<3.0.0,>=1.10.12->garth<0.6.0,>=0.5.17->garminconnect>=0.2.25->-r /home/tom/samba/vscode_projects/garmin_activities/requirements.txt (line 3)) (0.7.0)
Requirement already satisfied: pydantic-core==2.41.5 in ./.venv/lib/python3.12/site-packages (from pydantic<3.0.0,>=1.10.12->garth<0.6.0,>=0.5.17->garminconnect>=0.2.25->-r /home/tom/samba/vscode_projects/garmin_activities/requirements.txt (line 3)) (2.41.5)
Requirement already satisfied: typing-extensions>=4.14.1 in ./.venv/lib/python3.12/site-packages (from pydantic<3.0.0,>=1.10.12->garth<0.6.0,>=0.5.17->garminconnect>=0.2.25->-r /home/tom/samba/vscode_projects/garmin_activities/requirements.txt (line 3)) (4.15.0)
Requirement already satisfied: typing-inspection>=0.4.2 in ./.venv/lib/python3.12/site-packages (from pydantic<3.0.0,>=1.10.12->garth<0.6.0,>=0.5.17->garminconnect>=0.2.25->-r /home/tom/samba/vscode_projects/garmin_activities/requirements.txt (line 3)) (0.4.2)
Requirement already satisfied: oauthlib>=3.0.0 in ./.venv/lib/python3.12/site-packages (from requests-oauthlib<3.0.0,>=1.3.1->garth<0.6.0,>=0.5.17->garminconnect>=0.2.25->-r /home/tom/samba/vscode_projects/garmin_activities/requirements.txt (line 3)) (3.3.1)
Synced (garmin): {'source': 'garmin', 'fetched': 5, 'new_or_updated': 0, 'deleted': 0, 'lookback_start_ts': 0, 'timestamp_utc': '2026-02-24T19:04:03.750886+00:00', 'rate_limited': False, 'backfill_completed': True, 'backfill_next_offset': None, 'duration_enriched': 0, 'recent_sync': {'fetched': 5, 'new_or_updated': 0, 'oldest_ts': 1771432279, 'newest_ts': 1771943165, 'rate_limited': False, 'rate_limit_message': '', 'activity_ids': ['21909474146', '21920517407', '21937091058', '21952064872', '21970520903']}}
